{
  "stats": {
    "suites": 12,
    "tests": 41,
    "passes": 41,
    "pending": 0,
    "failures": 0,
    "start": "2021-09-12T04:14:03.772Z",
    "end": "2021-09-12T04:14:35.110Z",
    "duration": 31338,
    "testsRegistered": 41,
    "passPercent": 100,
    "pendingPercent": 0,
    "other": 0,
    "hasOther": false,
    "skipped": 0,
    "hasSkipped": false
  },
  "results": [
    {
      "uuid": "041516eb-1814-49d9-ae60-d0fe65054b9f",
      "title": "",
      "fullFile": "cypress/integration/project.spec.js",
      "file": "cypress/integration/project.spec.js",
      "beforeHooks": [],
      "afterHooks": [],
      "tests": [],
      "suites": [
        {
          "uuid": "707ea4c4-c945-49ee-ad75-c01d99141335",
          "title": "1 - Adicione à página o título \"Paleta de Cores\".",
          "fullFile": "",
          "file": "",
          "beforeHooks": [],
          "afterHooks": [],
          "tests": [
            {
              "title": "Verifica se contém um elemento `h1` com o id `title` com o título correto",
              "fullTitle": "1 - Adicione à página o título \"Paleta de Cores\". Verifica se contém um elemento `h1` com o id `title` com o título correto",
              "timedOut": null,
              "duration": 124,
              "state": "passed",
              "speed": "slow",
              "pass": true,
              "fail": false,
              "pending": false,
              "context": null,
              "code": "cy.get('h1#title').should('contain.text', 'Paleta de Cores');",
              "err": {},
              "uuid": "a0e171d0-99b2-40af-a389-68870342d8b3",
              "parentUUID": "707ea4c4-c945-49ee-ad75-c01d99141335",
              "isHook": false,
              "skipped": false
            }
          ],
          "suites": [],
          "passes": [
            "a0e171d0-99b2-40af-a389-68870342d8b3"
          ],
          "failures": [],
          "pending": [],
          "skipped": [],
          "duration": 124,
          "root": false,
          "rootEmpty": false,
          "_timeout": 2000
        },
        {
          "uuid": "2f99cdea-6ff8-4a3f-8b57-433ff8fa60af",
          "title": "2 - Adicione à página uma paleta de quatro cores distintas.",
          "fullFile": "",
          "file": "",
          "beforeHooks": [],
          "afterHooks": [],
          "tests": [
            {
              "title": "A paleta de cores deve ser um elemento com `id` denominado `color-palette`",
              "fullTitle": "2 - Adicione à página uma paleta de quatro cores distintas. A paleta de cores deve ser um elemento com `id` denominado `color-palette`",
              "timedOut": null,
              "duration": 64,
              "state": "passed",
              "speed": "medium",
              "pass": true,
              "fail": false,
              "pending": false,
              "context": null,
              "code": "cy.get('#color-palette').should('be.visible');\ncy.get('#color-palette').children('.color');",
              "err": {},
              "uuid": "68957c2f-1418-483d-b724-802ff6e5e153",
              "parentUUID": "2f99cdea-6ff8-4a3f-8b57-433ff8fa60af",
              "isHook": false,
              "skipped": false
            },
            {
              "title": "Verifica se cada cor individual da paleta de cores possui a `classe` chamada `color`.",
              "fullTitle": "2 - Adicione à página uma paleta de quatro cores distintas. Verifica se cada cor individual da paleta de cores possui a `classe` chamada `color`.",
              "timedOut": null,
              "duration": 96,
              "state": "passed",
              "speed": "slow",
              "pass": true,
              "fail": false,
              "pending": false,
              "context": null,
              "code": "cy.get('.color').should('have.length', 4).then(function (colors) {\n  for (var i = 0; i < colors.length; i++) {\n    cy.wrap(colors[i]).should('be.visible');\n  }\n});",
              "err": {},
              "uuid": "fbff9d44-bcb7-49dd-add0-90aa55fb4f59",
              "parentUUID": "2f99cdea-6ff8-4a3f-8b57-433ff8fa60af",
              "isHook": false,
              "skipped": false
            },
            {
              "title": "Verifica se a cor de fundo de cada elemento da paleta é a cor que o elemento representa. **A única cor não permitida na paleta é a cor branca.**",
              "fullTitle": "2 - Adicione à página uma paleta de quatro cores distintas. Verifica se a cor de fundo de cada elemento da paleta é a cor que o elemento representa. **A única cor não permitida na paleta é a cor branca.**",
              "timedOut": null,
              "duration": 97,
              "state": "passed",
              "speed": "slow",
              "pass": true,
              "fail": false,
              "pending": false,
              "context": null,
              "code": "cy.get('.color').each(function (color) {\n  cy.wrap(color).should('have.class', 'color').and('not.have.css', 'background-color', WHITE);\n  cy.wrap(color).should('have.css', 'background-color');\n});",
              "err": {},
              "uuid": "4c02066c-3238-49da-8e80-33ed7614f849",
              "parentUUID": "2f99cdea-6ff8-4a3f-8b57-433ff8fa60af",
              "isHook": false,
              "skipped": false
            },
            {
              "title": "Verifica se cada elemento da paleta de cores tem uma borda preta, sólida e com 1 pixel de largura;",
              "fullTitle": "2 - Adicione à página uma paleta de quatro cores distintas. Verifica se cada elemento da paleta de cores tem uma borda preta, sólida e com 1 pixel de largura;",
              "timedOut": null,
              "duration": 79,
              "state": "passed",
              "speed": "slow",
              "pass": true,
              "fail": false,
              "pending": false,
              "context": null,
              "code": "cy.get('.color').each(function (color) {\n  cy.wrap(color).and('have.css', 'border', \"1px solid \".concat(BLACK)).and('have.class', 'color');\n});",
              "err": {},
              "uuid": "dc13590c-4292-4912-b8a5-858d8bf1a333",
              "parentUUID": "2f99cdea-6ff8-4a3f-8b57-433ff8fa60af",
              "isHook": false,
              "skipped": false
            },
            {
              "title": "Verifica se a paleta lista todas as cores disponíveis para utilização, lado a lado.",
              "fullTitle": "2 - Adicione à página uma paleta de quatro cores distintas. Verifica se a paleta lista todas as cores disponíveis para utilização, lado a lado.",
              "timedOut": null,
              "duration": 115,
              "state": "passed",
              "speed": "slow",
              "pass": true,
              "fail": false,
              "pending": false,
              "context": null,
              "code": "cy.get('.color').then(function (colors) {\n  for (var index = 1; index < colors.length; index += 1) {\n    var currentColor = colors[index];\n    var previousColor = colors[index - 1];\n    cy.wrap(currentColor).should('be.onTheRightOf', previousColor).and('be.horizontallyAlignedWith', previousColor);\n  }\n});",
              "err": {},
              "uuid": "a4208dac-9ab1-4413-bd06-fbc55cec3f83",
              "parentUUID": "2f99cdea-6ff8-4a3f-8b57-433ff8fa60af",
              "isHook": false,
              "skipped": false
            },
            {
              "title": "Verifica se a paleta de cores está posicionada abaixo do título 'Paleta de Cores'",
              "fullTitle": "2 - Adicione à página uma paleta de quatro cores distintas. Verifica se a paleta de cores está posicionada abaixo do título 'Paleta de Cores'",
              "timedOut": null,
              "duration": 102,
              "state": "passed",
              "speed": "slow",
              "pass": true,
              "fail": false,
              "pending": false,
              "context": null,
              "code": "cy.get('h1#title').then(function (title) {\n  cy.get('#color-palette').should('be.belowOf', title);\n});",
              "err": {},
              "uuid": "d9416a35-7abd-4ad1-b0af-f7ed3ce2cfcf",
              "parentUUID": "2f99cdea-6ff8-4a3f-8b57-433ff8fa60af",
              "isHook": false,
              "skipped": false
            },
            {
              "title": "Verifica se a paleta de cores não contém cores repetidas.",
              "fullTitle": "2 - Adicione à página uma paleta de quatro cores distintas. Verifica se a paleta de cores não contém cores repetidas.",
              "timedOut": null,
              "duration": 102,
              "state": "passed",
              "speed": "slow",
              "pass": true,
              "fail": false,
              "pending": false,
              "context": null,
              "code": "cy.get('.color').then(function (colors) {\n  var allColors = Array.from(colors).map(function (color) {\n    return Cypress.$(color).css('background-color');\n  });\n  cy.log(allColors);\n  var uniqColors = (0, _toConsumableArray2[\"default\"])(new Set(allColors));\n  cy.log(uniqColors);\n  expect(allColors.length).to.eq(uniqColors.length);\n});",
              "err": {},
              "uuid": "d5e80d79-8bcb-47ff-a3cb-ed7a6b7efd4a",
              "parentUUID": "2f99cdea-6ff8-4a3f-8b57-433ff8fa60af",
              "isHook": false,
              "skipped": false
            }
          ],
          "suites": [],
          "passes": [
            "68957c2f-1418-483d-b724-802ff6e5e153",
            "fbff9d44-bcb7-49dd-add0-90aa55fb4f59",
            "4c02066c-3238-49da-8e80-33ed7614f849",
            "dc13590c-4292-4912-b8a5-858d8bf1a333",
            "a4208dac-9ab1-4413-bd06-fbc55cec3f83",
            "d9416a35-7abd-4ad1-b0af-f7ed3ce2cfcf",
            "d5e80d79-8bcb-47ff-a3cb-ed7a6b7efd4a"
          ],
          "failures": [],
          "pending": [],
          "skipped": [],
          "duration": 655,
          "root": false,
          "rootEmpty": false,
          "_timeout": 2000
        },
        {
          "uuid": "99b64fba-cc92-4708-9325-91a53e9145ac",
          "title": "3 - Adicione a cor **preta** como a primeira cor da paleta de cores.",
          "fullFile": "",
          "file": "",
          "beforeHooks": [],
          "afterHooks": [],
          "tests": [
            {
              "title": "Verifica se a primeira cor da paleta é preta",
              "fullTitle": "3 - Adicione a cor **preta** como a primeira cor da paleta de cores. Verifica se a primeira cor da paleta é preta",
              "timedOut": null,
              "duration": 96,
              "state": "passed",
              "speed": "slow",
              "pass": true,
              "fail": false,
              "pending": false,
              "context": null,
              "code": "cy.get('.color').first().should('have.css', 'background-color', BLACK);",
              "err": {},
              "uuid": "91c464cd-d003-4315-a554-de2868eb37da",
              "parentUUID": "99b64fba-cc92-4708-9325-91a53e9145ac",
              "isHook": false,
              "skipped": false
            },
            {
              "title": "Verifica se as demais cores podem ser escolhidas livremente.",
              "fullTitle": "3 - Adicione a cor **preta** como a primeira cor da paleta de cores. Verifica se as demais cores podem ser escolhidas livremente.",
              "timedOut": null,
              "duration": 138,
              "state": "passed",
              "speed": "slow",
              "pass": true,
              "fail": false,
              "pending": false,
              "context": null,
              "code": "cy.get('.color').eq(1).should('not.have.css', 'background-color', BLACK);\ncy.get('.color').eq(1).should('not.have.css', 'background-color', WHITE);\ncy.get('.color').eq(1).should('not.have.css', 'background-color', 'rgba(0, 0, 0, 0)');\ncy.get('.color').eq(1).should('have.css', 'background-color');\ncy.get('.color').eq(2).should('not.have.css', 'background-color', BLACK);\ncy.get('.color').eq(2).should('not.have.css', 'background-color', WHITE);\ncy.get('.color').eq(2).should('not.have.css', 'background-color', 'rgba(0, 0, 0, 0)');\ncy.get('.color').eq(2).should('have.css', 'background-color');\ncy.get('.color').eq(3).should('not.have.css', 'background-color', BLACK);\ncy.get('.color').eq(3).should('not.have.css', 'background-color', WHITE);\ncy.get('.color').eq(3).should('not.have.css', 'background-color', 'rgba(0, 0, 0, 0)');\ncy.get('.color').eq(3).should('have.css', 'background-color');",
              "err": {},
              "uuid": "825994d8-8a52-483a-b59a-f6618a714808",
              "parentUUID": "99b64fba-cc92-4708-9325-91a53e9145ac",
              "isHook": false,
              "skipped": false
            }
          ],
          "suites": [],
          "passes": [
            "91c464cd-d003-4315-a554-de2868eb37da",
            "825994d8-8a52-483a-b59a-f6618a714808"
          ],
          "failures": [],
          "pending": [],
          "skipped": [],
          "duration": 234,
          "root": false,
          "rootEmpty": false,
          "_timeout": 2000
        },
        {
          "uuid": "67327085-12c1-46c1-a54b-63d44f20c8eb",
          "title": "4 - Adicione à página um quadro de pixels, com 25 pixels.",
          "fullFile": "",
          "file": "",
          "beforeHooks": [],
          "afterHooks": [],
          "tests": [
            {
              "title": "Verifica se o quadro de pixels possui o `id` denominado `pixel-board`",
              "fullTitle": "4 - Adicione à página um quadro de pixels, com 25 pixels. Verifica se o quadro de pixels possui o `id` denominado `pixel-board`",
              "timedOut": null,
              "duration": 61,
              "state": "passed",
              "speed": "medium",
              "pass": true,
              "fail": false,
              "pending": false,
              "context": null,
              "code": "cy.get('#pixel-board').should('be.visible');",
              "err": {},
              "uuid": "bd9fd187-fa37-47fe-b535-5c16db53d32a",
              "parentUUID": "67327085-12c1-46c1-a54b-63d44f20c8eb",
              "isHook": false,
              "skipped": false
            },
            {
              "title": "Verifica se cada pixel individual dentro do quadro possui a `classe` denominada `pixel`.",
              "fullTitle": "4 - Adicione à página um quadro de pixels, com 25 pixels. Verifica se cada pixel individual dentro do quadro possui a `classe` denominada `pixel`.",
              "timedOut": null,
              "duration": 96,
              "state": "passed",
              "speed": "slow",
              "pass": true,
              "fail": false,
              "pending": false,
              "context": null,
              "code": "cy.get('.pixel').should('have.length', 25);",
              "err": {},
              "uuid": "b71fa860-bd90-4bb3-acab-994e5034028f",
              "parentUUID": "67327085-12c1-46c1-a54b-63d44f20c8eb",
              "isHook": false,
              "skipped": false
            },
            {
              "title": "Verifica se a cor inicial dos pixels dentro do quadro, ao abrir a página, é branca.",
              "fullTitle": "4 - Adicione à página um quadro de pixels, com 25 pixels. Verifica se a cor inicial dos pixels dentro do quadro, ao abrir a página, é branca.",
              "timedOut": null,
              "duration": 106,
              "state": "passed",
              "speed": "slow",
              "pass": true,
              "fail": false,
              "pending": false,
              "context": null,
              "code": "cy.get('.pixel').should('have.length', 25).each(function (pixel) {\n  expect(pixel).to.have.css('background-color', WHITE);\n});",
              "err": {},
              "uuid": "78102ea7-7712-4886-9cd7-a887af473b1d",
              "parentUUID": "67327085-12c1-46c1-a54b-63d44f20c8eb",
              "isHook": false,
              "skipped": false
            },
            {
              "title": "Verifica se o quadro de pixels aparece abaixo da paleta de cores",
              "fullTitle": "4 - Adicione à página um quadro de pixels, com 25 pixels. Verifica se o quadro de pixels aparece abaixo da paleta de cores",
              "timedOut": null,
              "duration": 65,
              "state": "passed",
              "speed": "medium",
              "pass": true,
              "fail": false,
              "pending": false,
              "context": null,
              "code": "cy.get('#color-palette').then(function (palette) {\n  cy.get('#pixel-board').should('be.belowOf', palette);\n});",
              "err": {},
              "uuid": "76a0e490-af96-4c25-b3a0-3638f92df3cb",
              "parentUUID": "67327085-12c1-46c1-a54b-63d44f20c8eb",
              "isHook": false,
              "skipped": false
            }
          ],
          "suites": [],
          "passes": [
            "bd9fd187-fa37-47fe-b535-5c16db53d32a",
            "b71fa860-bd90-4bb3-acab-994e5034028f",
            "78102ea7-7712-4886-9cd7-a887af473b1d",
            "76a0e490-af96-4c25-b3a0-3638f92df3cb"
          ],
          "failures": [],
          "pending": [],
          "skipped": [],
          "duration": 328,
          "root": false,
          "rootEmpty": false,
          "_timeout": 2000
        },
        {
          "uuid": "8aa94498-b773-4c74-af01-29c5c2522953",
          "title": "5 - Faça com que cada elemento do quadro de pixels possua 40 pixels de largura, 40 pixels de altura e seja delimitado por uma borda preta de 1 pixel.",
          "fullFile": "",
          "file": "",
          "beforeHooks": [],
          "afterHooks": [],
          "tests": [
            {
              "title": "Verifica se o quadro de pixels tem altura e comprimento de 5 elementos",
              "fullTitle": "5 - Faça com que cada elemento do quadro de pixels possua 40 pixels de largura, 40 pixels de altura e seja delimitado por uma borda preta de 1 pixel. Verifica se o quadro de pixels tem altura e comprimento de 5 elementos",
              "timedOut": null,
              "duration": 203,
              "state": "passed",
              "speed": "slow",
              "pass": true,
              "fail": false,
              "pending": false,
              "context": null,
              "code": "cy.get('.pixel').should('have.length', 25).each(function (pixel) {\n  expect(pixel).to.have.css('background-color', WHITE);\n}).and(function (pixels) {\n  var rows = chunk(pixels, 5);\n  rows.forEach(function (row) {\n    for (var index = 1; index < row.length; index += 1) {\n      var current = pixels[index];\n      var previous = pixels[index - 1];\n      cy.wrap(current).should('be.onTheRightOf', previous).and('be.horizontallyAlignedWith', previous);\n    }\n  });\n  for (var index = 1; index < 5; index += 1) {\n    expect(pixels[index * 5]).to.be.belowOf(pixels[(index - 1) * 5]);\n  }\n});",
              "err": {},
              "uuid": "f00ec19a-a60b-47a4-bc32-c8e5871a75bf",
              "parentUUID": "8aa94498-b773-4c74-af01-29c5c2522953",
              "isHook": false,
              "skipped": false
            },
            {
              "title": "Verifica se 40 pixels é o tamanho total do elemento, incluindo seu conteúdo e excluindo a borda preta, que deve ser criada à parte.",
              "fullTitle": "5 - Faça com que cada elemento do quadro de pixels possua 40 pixels de largura, 40 pixels de altura e seja delimitado por uma borda preta de 1 pixel. Verifica se 40 pixels é o tamanho total do elemento, incluindo seu conteúdo e excluindo a borda preta, que deve ser criada à parte.",
              "timedOut": null,
              "duration": 208,
              "state": "passed",
              "speed": "slow",
              "pass": true,
              "fail": false,
              "pending": false,
              "context": null,
              "code": "cy.get('.pixel').each(function (pixel) {\n  cy.wrap(pixel).should('have.css', 'height', '40px').and('have.css', 'width', '40px').and('have.css', 'border', \"1px solid \".concat(BLACK));\n});",
              "err": {},
              "uuid": "47642242-41a9-484c-93e6-931967ac80c6",
              "parentUUID": "8aa94498-b773-4c74-af01-29c5c2522953",
              "isHook": false,
              "skipped": false
            }
          ],
          "suites": [],
          "passes": [
            "f00ec19a-a60b-47a4-bc32-c8e5871a75bf",
            "47642242-41a9-484c-93e6-931967ac80c6"
          ],
          "failures": [],
          "pending": [],
          "skipped": [],
          "duration": 411,
          "root": false,
          "rootEmpty": false,
          "_timeout": 2000
        },
        {
          "uuid": "afb2bf43-e58a-481d-b4b8-77b748ed6a41",
          "title": "6 - Defina a cor preta como cor inicial. Ao carregar a página a cor preta já deve estar selecionada para pintar os pixels",
          "fullFile": "",
          "file": "",
          "beforeHooks": [],
          "afterHooks": [],
          "tests": [
            {
              "title": "Verifica se o elemento da cor preta possui, inicialmente, a `classe` `selected`",
              "fullTitle": "6 - Defina a cor preta como cor inicial. Ao carregar a página a cor preta já deve estar selecionada para pintar os pixels Verifica se o elemento da cor preta possui, inicialmente, a `classe` `selected`",
              "timedOut": null,
              "duration": 60,
              "state": "passed",
              "speed": "medium",
              "pass": true,
              "fail": false,
              "pending": false,
              "context": null,
              "code": "cy.get('.selected').first().should('have.css', 'background-color', BLACK);",
              "err": {},
              "uuid": "fd9630c3-2df5-467a-9a82-832b0173618c",
              "parentUUID": "afb2bf43-e58a-481d-b4b8-77b748ed6a41",
              "isHook": false,
              "skipped": false
            },
            {
              "title": "Verifica se nenhuma outra cor da paleta tem a `classe` `selected`",
              "fullTitle": "6 - Defina a cor preta como cor inicial. Ao carregar a página a cor preta já deve estar selecionada para pintar os pixels Verifica se nenhuma outra cor da paleta tem a `classe` `selected`",
              "timedOut": null,
              "duration": 67,
              "state": "passed",
              "speed": "medium",
              "pass": true,
              "fail": false,
              "pending": false,
              "context": null,
              "code": "cy.get('.color:not(:first-child)').each(function (color) {\n  cy.wrap(color).should('not.have.class', 'selected');\n});",
              "err": {},
              "uuid": "085883e2-b79b-49c9-867b-7209c5292a65",
              "parentUUID": "afb2bf43-e58a-481d-b4b8-77b748ed6a41",
              "isHook": false,
              "skipped": false
            }
          ],
          "suites": [],
          "passes": [
            "fd9630c3-2df5-467a-9a82-832b0173618c",
            "085883e2-b79b-49c9-867b-7209c5292a65"
          ],
          "failures": [],
          "pending": [],
          "skipped": [],
          "duration": 127,
          "root": false,
          "rootEmpty": false,
          "_timeout": 2000
        },
        {
          "uuid": "2bb8acfd-d8ed-4937-be7b-4d44295153f2",
          "title": "7 - Clicar em uma das cores da paleta, faz com que ela seja selecionada e utilizada para preencher os pixels no quadro.",
          "fullFile": "",
          "file": "",
          "beforeHooks": [],
          "afterHooks": [],
          "tests": [
            {
              "title": "Verifica se somente uma cor da paleta de cores tem a classe `selected` de cada vez",
              "fullTitle": "7 - Clicar em uma das cores da paleta, faz com que ela seja selecionada e utilizada para preencher os pixels no quadro. Verifica se somente uma cor da paleta de cores tem a classe `selected` de cada vez",
              "timedOut": null,
              "duration": 432,
              "state": "passed",
              "speed": "slow",
              "pass": true,
              "fail": false,
              "pending": false,
              "context": null,
              "code": "cy.get('.color').each(function (selectedColor, selectedColorIndex) {\n  cy.wrap(selectedColor).click();\n  cy.get('.color').each(function (color, colorIndex) {\n    if (colorIndex === selectedColorIndex) {\n      expect(color).to.have[\"class\"]('selected');\n    } else {\n      expect(color).not.to.have[\"class\"]('selected');\n    }\n  });\n});",
              "err": {},
              "uuid": "d2fa1548-17e6-4fac-8c28-00cc142f6a00",
              "parentUUID": "2bb8acfd-d8ed-4937-be7b-4d44295153f2",
              "isHook": false,
              "skipped": false
            },
            {
              "title": "Verifica se os pixels dentro do quadro não têm a classe `selected` quando são clicados",
              "fullTitle": "7 - Clicar em uma das cores da paleta, faz com que ela seja selecionada e utilizada para preencher os pixels no quadro. Verifica se os pixels dentro do quadro não têm a classe `selected` quando são clicados",
              "timedOut": null,
              "duration": 8627,
              "state": "passed",
              "speed": "slow",
              "pass": true,
              "fail": false,
              "pending": false,
              "context": null,
              "code": "cy.get('.color').each(function (color) {\n  var backgroundColor = color.css('background-color');\n  cy.wrap(color).click();\n  cy.get('.pixel').each(function (pixel) {\n    cy.wrap(pixel).click().should('not.have.class', 'selected');\n  });\n});",
              "err": {},
              "uuid": "04850f19-0f28-4bee-ba2a-bb5377d5cf9f",
              "parentUUID": "2bb8acfd-d8ed-4937-be7b-4d44295153f2",
              "isHook": false,
              "skipped": false
            }
          ],
          "suites": [],
          "passes": [
            "d2fa1548-17e6-4fac-8c28-00cc142f6a00",
            "04850f19-0f28-4bee-ba2a-bb5377d5cf9f"
          ],
          "failures": [],
          "pending": [],
          "skipped": [],
          "duration": 9059,
          "root": false,
          "rootEmpty": false,
          "_timeout": 2000
        },
        {
          "uuid": "2cc94d8d-1cd2-42aa-b51f-749facb3bbc0",
          "title": "8 - Clicar em um pixel dentro do quadro após selecionar uma cor na paleta, faz com que o pixel seja preenchido com a cor selecionada.",
          "fullFile": "",
          "file": "",
          "beforeHooks": [],
          "afterHooks": [],
          "tests": [
            {
              "title": "Verifica se ao carregar a página deve ser possível pintar os pixels de preto",
              "fullTitle": "8 - Clicar em um pixel dentro do quadro após selecionar uma cor na paleta, faz com que o pixel seja preenchido com a cor selecionada. Verifica se ao carregar a página deve ser possível pintar os pixels de preto",
              "timedOut": null,
              "duration": 2135,
              "state": "passed",
              "speed": "slow",
              "pass": true,
              "fail": false,
              "pending": false,
              "context": null,
              "code": "cy.get('.pixel').each(function (pixel) {\n  cy.wrap(pixel).click().should('have.css', 'background-color', BLACK);\n});",
              "err": {},
              "uuid": "1027a492-4bf9-4b95-b7ea-b935aa475f75",
              "parentUUID": "2cc94d8d-1cd2-42aa-b51f-749facb3bbc0",
              "isHook": false,
              "skipped": false
            },
            {
              "title": "Verifica se após selecionar uma outra cor na paleta, é possível pintar os pixels com essa cor",
              "fullTitle": "8 - Clicar em um pixel dentro do quadro após selecionar uma cor na paleta, faz com que o pixel seja preenchido com a cor selecionada. Verifica se após selecionar uma outra cor na paleta, é possível pintar os pixels com essa cor",
              "timedOut": null,
              "duration": 8577,
              "state": "passed",
              "speed": "slow",
              "pass": true,
              "fail": false,
              "pending": false,
              "context": null,
              "code": "cy.get('.color').each(function (color) {\n  var backgroundColor = color.css('background-color');\n  cy.wrap(color).click();\n  cy.get('.pixel').each(function (pixel) {\n    cy.wrap(pixel).click().should('have.css', 'background-color', backgroundColor);\n  });\n});",
              "err": {},
              "uuid": "a98dd822-bde6-4047-9e6a-ee4904716419",
              "parentUUID": "2cc94d8d-1cd2-42aa-b51f-749facb3bbc0",
              "isHook": false,
              "skipped": false
            },
            {
              "title": "Verifica se somente o pixel que foi clicado foi preenchido com a cor selecionada, sem influenciar na cor dos demais pixels.",
              "fullTitle": "8 - Clicar em um pixel dentro do quadro após selecionar uma cor na paleta, faz com que o pixel seja preenchido com a cor selecionada. Verifica se somente o pixel que foi clicado foi preenchido com a cor selecionada, sem influenciar na cor dos demais pixels.",
              "timedOut": null,
              "duration": 1089,
              "state": "passed",
              "speed": "slow",
              "pass": true,
              "fail": false,
              "pending": false,
              "context": null,
              "code": "var colorToPixelIndexMap = {\n  0: 6,\n  1: 8,\n  2: 16,\n  3: 18\n};\ncy.get('.color').each(function (color, index) {\n  cy.wrap(color).click();\n  var backgroundColor = color.css('background-color');\n  var clickedPixelIndex = colorToPixelIndexMap[index];\n  cy.get('.pixel').eq(clickedPixelIndex).click();\n  cy.get('.pixel').eq(clickedPixelIndex - 1).should('not.have.css', 'background-color', backgroundColor);\n  cy.get('.pixel').eq(clickedPixelIndex + 1).should('not.have.css', 'background-color', backgroundColor);\n  cy.get('.pixel').eq(clickedPixelIndex - 5).should('not.have.css', 'background-color', backgroundColor);\n  cy.get('.pixel').eq(clickedPixelIndex + 5).should('not.have.css', 'background-color', backgroundColor);\n  cy.get('.pixel').eq(clickedPixelIndex - 6).should('not.have.css', 'background-color', backgroundColor);\n  cy.get('.pixel').eq(clickedPixelIndex - 4).should('not.have.css', 'background-color', backgroundColor);\n  cy.get('.pixel').eq(clickedPixelIndex + 4).should('not.have.css', 'background-color', backgroundColor);\n  cy.get('.pixel').eq(clickedPixelIndex + 6).should('not.have.css', 'background-color', backgroundColor);\n});",
              "err": {},
              "uuid": "50401f69-5a44-4e2c-b995-e5d03a92213b",
              "parentUUID": "2cc94d8d-1cd2-42aa-b51f-749facb3bbc0",
              "isHook": false,
              "skipped": false
            }
          ],
          "suites": [],
          "passes": [
            "1027a492-4bf9-4b95-b7ea-b935aa475f75",
            "a98dd822-bde6-4047-9e6a-ee4904716419",
            "50401f69-5a44-4e2c-b995-e5d03a92213b"
          ],
          "failures": [],
          "pending": [],
          "skipped": [],
          "duration": 11801,
          "root": false,
          "rootEmpty": false,
          "_timeout": 2000
        },
        {
          "uuid": "60d5855f-13c7-4535-bdb8-7471dea035a9",
          "title": "9 - Crie um botão que, ao ser clicado, limpa o quadro preenchendo a cor de todos seus pixels com branco.",
          "fullFile": "",
          "file": "",
          "beforeHooks": [],
          "afterHooks": [],
          "tests": [
            {
              "title": "Verifica se o botão tem o `id` denominado `clear-board`",
              "fullTitle": "9 - Crie um botão que, ao ser clicado, limpa o quadro preenchendo a cor de todos seus pixels com branco. Verifica se o botão tem o `id` denominado `clear-board`",
              "timedOut": null,
              "duration": 71,
              "state": "passed",
              "speed": "medium",
              "pass": true,
              "fail": false,
              "pending": false,
              "context": null,
              "code": "cy.get('#clear-board').should('be.visible');",
              "err": {},
              "uuid": "58e58834-f878-4bc6-b1bd-e721be579899",
              "parentUUID": "60d5855f-13c7-4535-bdb8-7471dea035a9",
              "isHook": false,
              "skipped": false
            },
            {
              "title": "Verifica se o botão está posicionado entre a paleta de cores e o quadro de pixels",
              "fullTitle": "9 - Crie um botão que, ao ser clicado, limpa o quadro preenchendo a cor de todos seus pixels com branco. Verifica se o botão está posicionado entre a paleta de cores e o quadro de pixels",
              "timedOut": null,
              "duration": 73,
              "state": "passed",
              "speed": "medium",
              "pass": true,
              "fail": false,
              "pending": false,
              "context": null,
              "code": "cy.get('#color-palette').then(function (palette) {\n  cy.get('#clear-board').should('be.belowOf', palette);\n});\ncy.get('#clear-board').then(function (clearBtn) {\n  cy.get('#pixel-board').should('be.belowOf', clearBtn);\n});",
              "err": {},
              "uuid": "53fa65f3-ec16-4a07-92aa-0fdc92e5846e",
              "parentUUID": "60d5855f-13c7-4535-bdb8-7471dea035a9",
              "isHook": false,
              "skipped": false
            },
            {
              "title": "Verifica se o texto do botão é 'Limpar'",
              "fullTitle": "9 - Crie um botão que, ao ser clicado, limpa o quadro preenchendo a cor de todos seus pixels com branco. Verifica se o texto do botão é 'Limpar'",
              "timedOut": null,
              "duration": 54,
              "state": "passed",
              "speed": "medium",
              "pass": true,
              "fail": false,
              "pending": false,
              "context": null,
              "code": "cy.get('#clear-board').should('contain.text', 'Limpar');",
              "err": {},
              "uuid": "aa548591-6cd4-432b-8cbb-a0370cbcd31f",
              "parentUUID": "60d5855f-13c7-4535-bdb8-7471dea035a9",
              "isHook": false,
              "skipped": false
            },
            {
              "title": "Verifica se ao clicar no botão, o quadro de pixels é totalmente preenchido de branco",
              "fullTitle": "9 - Crie um botão que, ao ser clicado, limpa o quadro preenchendo a cor de todos seus pixels com branco. Verifica se ao clicar no botão, o quadro de pixels é totalmente preenchido de branco",
              "timedOut": null,
              "duration": 2306,
              "state": "passed",
              "speed": "slow",
              "pass": true,
              "fail": false,
              "pending": false,
              "context": null,
              "code": "cy.get('.color').eq(1).then(function (color) {\n  var backgroundColor = color.css('background-color');\n  cy.wrap(color).click();\n  cy.get('.pixel').each(function (pixel) {\n    cy.wrap(pixel).click().should('have.css', 'background-color', backgroundColor);\n  });\n});\ncy.get('#clear-board').click();\ncy.get('.pixel').each(function (pixel) {\n  cy.wrap(pixel).should('have.css', 'background-color', WHITE);\n});",
              "err": {},
              "uuid": "a93391c1-5791-4423-9e4c-ce8b0a660f65",
              "parentUUID": "60d5855f-13c7-4535-bdb8-7471dea035a9",
              "isHook": false,
              "skipped": false
            }
          ],
          "suites": [],
          "passes": [
            "58e58834-f878-4bc6-b1bd-e721be579899",
            "53fa65f3-ec16-4a07-92aa-0fdc92e5846e",
            "aa548591-6cd4-432b-8cbb-a0370cbcd31f",
            "a93391c1-5791-4423-9e4c-ce8b0a660f65"
          ],
          "failures": [],
          "pending": [],
          "skipped": [],
          "duration": 2504,
          "root": false,
          "rootEmpty": false,
          "_timeout": 2000
        },
        {
          "uuid": "19a31c44-02a0-4c8c-9c9c-a489b8f1f632",
          "title": "10 - Faça o quadro de pixels ter seu tamanho definido pelo usuário.",
          "fullFile": "",
          "file": "",
          "beforeHooks": [],
          "afterHooks": [],
          "tests": [
            {
              "title": "Verifica se existe um input com o id `board-size`",
              "fullTitle": "10 - Faça o quadro de pixels ter seu tamanho definido pelo usuário. Verifica se existe um input com o id `board-size`",
              "timedOut": null,
              "duration": 100,
              "state": "passed",
              "speed": "slow",
              "pass": true,
              "fail": false,
              "pending": false,
              "context": null,
              "code": "cy.get('#board-size').should('be.visible');",
              "err": {},
              "uuid": "f49b258d-f214-43e4-9a60-f416af59f8c2",
              "parentUUID": "19a31c44-02a0-4c8c-9c9c-a489b8f1f632",
              "isHook": false,
              "skipped": false
            },
            {
              "title": "Verifica se existe um botão com o id `generate-board`",
              "fullTitle": "10 - Faça o quadro de pixels ter seu tamanho definido pelo usuário. Verifica se existe um botão com o id `generate-board`",
              "timedOut": null,
              "duration": 50,
              "state": "passed",
              "speed": "medium",
              "pass": true,
              "fail": false,
              "pending": false,
              "context": null,
              "code": "cy.get('#generate-board').should('be.visible');",
              "err": {},
              "uuid": "2442e21f-b5a5-4a36-84e0-bea55ff15223",
              "parentUUID": "19a31c44-02a0-4c8c-9c9c-a489b8f1f632",
              "isHook": false,
              "skipped": false
            },
            {
              "title": "Verifica se o input só aceita número maiores que zero. Essa restrição deve ser feita usando os atributos do elemento `input`",
              "fullTitle": "10 - Faça o quadro de pixels ter seu tamanho definido pelo usuário. Verifica se o input só aceita número maiores que zero. Essa restrição deve ser feita usando os atributos do elemento `input`",
              "timedOut": null,
              "duration": 51,
              "state": "passed",
              "speed": "medium",
              "pass": true,
              "fail": false,
              "pending": false,
              "context": null,
              "code": "cy.get('#board-size[type=\\'number\\'][min=\\'1\\']');",
              "err": {},
              "uuid": "bbb234b8-9538-48da-95ae-79bc5e91bc6f",
              "parentUUID": "19a31c44-02a0-4c8c-9c9c-a489b8f1f632",
              "isHook": false,
              "skipped": false
            },
            {
              "title": "Verifica se o botão contém o texto 'VQV'",
              "fullTitle": "10 - Faça o quadro de pixels ter seu tamanho definido pelo usuário. Verifica se o botão contém o texto 'VQV'",
              "timedOut": null,
              "duration": 65,
              "state": "passed",
              "speed": "medium",
              "pass": true,
              "fail": false,
              "pending": false,
              "context": null,
              "code": "cy.get('#generate-board').contains(/vqv/i);",
              "err": {},
              "uuid": "0c33b819-854a-4c5f-ba5d-1fa78383b2de",
              "parentUUID": "19a31c44-02a0-4c8c-9c9c-a489b8f1f632",
              "isHook": false,
              "skipped": false
            },
            {
              "title": "Verifica se o input está posicionado entre a paleta de cores e o quadro de pixels",
              "fullTitle": "10 - Faça o quadro de pixels ter seu tamanho definido pelo usuário. Verifica se o input está posicionado entre a paleta de cores e o quadro de pixels",
              "timedOut": null,
              "duration": 104,
              "state": "passed",
              "speed": "slow",
              "pass": true,
              "fail": false,
              "pending": false,
              "context": null,
              "code": "cy.get('#color-palette').then(function (palette) {\n  cy.get('#board-size').should('be.belowOf', palette);\n});\ncy.get('#board-size').then(function (palette) {\n  cy.get('#pixel-board').should('be.belowOf', palette);\n});",
              "err": {},
              "uuid": "193cf4db-635c-4ffb-a71f-d3f0d9bd3418",
              "parentUUID": "19a31c44-02a0-4c8c-9c9c-a489b8f1f632",
              "isHook": false,
              "skipped": false
            },
            {
              "title": "Verifica se o botão está posicionado ao lado do input",
              "fullTitle": "10 - Faça o quadro de pixels ter seu tamanho definido pelo usuário. Verifica se o botão está posicionado ao lado do input",
              "timedOut": null,
              "duration": 134,
              "state": "passed",
              "speed": "slow",
              "pass": true,
              "fail": false,
              "pending": false,
              "context": null,
              "code": "cy.get('#board-size').then(function (board) {\n  cy.get('#generate-board').should('be.onTheRightOf', board);\n});",
              "err": {},
              "uuid": "2998889d-9f69-4955-9fea-b8700b13cbec",
              "parentUUID": "19a31c44-02a0-4c8c-9c9c-a489b8f1f632",
              "isHook": false,
              "skipped": false
            },
            {
              "title": "Verifica se nenhum valor for colocado no input ao clicar no botão, um `alert` é exibido com o texto: 'Board inválido!'",
              "fullTitle": "10 - Faça o quadro de pixels ter seu tamanho definido pelo usuário. Verifica se nenhum valor for colocado no input ao clicar no botão, um `alert` é exibido com o texto: 'Board inválido!'",
              "timedOut": null,
              "duration": 200,
              "state": "passed",
              "speed": "slow",
              "pass": true,
              "fail": false,
              "pending": false,
              "context": null,
              "code": "var alerted = false;\ncy.on('window:alert', function (msg) {\n  return alerted = msg;\n});\ncy.get('#generate-board').click().then(function () {\n  return expect(alerted).to.match(/Board inválido!/i);\n});",
              "err": {},
              "uuid": "b0dc93a8-414b-409b-b044-f7cfd3a80467",
              "parentUUID": "19a31c44-02a0-4c8c-9c9c-a489b8f1f632",
              "isHook": false,
              "skipped": false
            },
            {
              "title": "Verifica se ao clicar no botão com um valor preenchido, o tamanho do board muda.",
              "fullTitle": "10 - Faça o quadro de pixels ter seu tamanho definido pelo usuário. Verifica se ao clicar no botão com um valor preenchido, o tamanho do board muda.",
              "timedOut": null,
              "duration": 479,
              "state": "passed",
              "speed": "slow",
              "pass": true,
              "fail": false,
              "pending": false,
              "context": null,
              "code": "cy.get('#board-size').clear().type(10);\ncy.get('#generate-board').click();\ncy.get('.pixel').should('have.length', 100);",
              "err": {},
              "uuid": "cc309b53-11fa-4366-bd9d-3031f73a55f1",
              "parentUUID": "19a31c44-02a0-4c8c-9c9c-a489b8f1f632",
              "isHook": false,
              "skipped": false
            },
            {
              "title": "Verifica se o novo quadro tem todos os pixels preenchidos com a cor branca",
              "fullTitle": "10 - Faça o quadro de pixels ter seu tamanho definido pelo usuário. Verifica se o novo quadro tem todos os pixels preenchidos com a cor branca",
              "timedOut": null,
              "duration": 418,
              "state": "passed",
              "speed": "slow",
              "pass": true,
              "fail": false,
              "pending": false,
              "context": null,
              "code": "cy.get('#board-size').clear().type(6);\ncy.get('#generate-board').click();\ncy.get('.pixel').should('have.length', 36).each(function (pixel) {\n  expect(pixel).to.have.css('background-color', WHITE);\n});",
              "err": {},
              "uuid": "124c309f-7dc2-4daf-8e0c-6a0925e7682f",
              "parentUUID": "19a31c44-02a0-4c8c-9c9c-a489b8f1f632",
              "isHook": false,
              "skipped": false
            }
          ],
          "suites": [],
          "passes": [
            "f49b258d-f214-43e4-9a60-f416af59f8c2",
            "2442e21f-b5a5-4a36-84e0-bea55ff15223",
            "bbb234b8-9538-48da-95ae-79bc5e91bc6f",
            "0c33b819-854a-4c5f-ba5d-1fa78383b2de",
            "193cf4db-635c-4ffb-a71f-d3f0d9bd3418",
            "2998889d-9f69-4955-9fea-b8700b13cbec",
            "b0dc93a8-414b-409b-b044-f7cfd3a80467",
            "cc309b53-11fa-4366-bd9d-3031f73a55f1",
            "124c309f-7dc2-4daf-8e0c-6a0925e7682f"
          ],
          "failures": [],
          "pending": [],
          "skipped": [],
          "duration": 1601,
          "root": false,
          "rootEmpty": false,
          "_timeout": 2000
        },
        {
          "uuid": "c33bad2e-c91c-49c6-a543-8fe984bdd96d",
          "title": "11 - Limite o tamanho mínimo e máximo do board.",
          "fullFile": "",
          "file": "",
          "beforeHooks": [],
          "afterHooks": [],
          "tests": [
            {
              "title": "Verifica se a altura máxima do board é 50",
              "fullTitle": "11 - Limite o tamanho mínimo e máximo do board. Verifica se a altura máxima do board é 50",
              "timedOut": null,
              "duration": 1418,
              "state": "passed",
              "speed": "slow",
              "pass": true,
              "fail": false,
              "pending": false,
              "context": null,
              "code": "cy.get('#board-size').clear().type(50);\ncy.get('#generate-board').click();\ncy.get('.pixel').should('have.length', 2500);",
              "err": {},
              "uuid": "d5bb6d89-deb6-418f-95f4-b67a94ba1722",
              "parentUUID": "c33bad2e-c91c-49c6-a543-8fe984bdd96d",
              "isHook": false,
              "skipped": false
            },
            {
              "title": "Verifica se a altura do board é 5 quando um valor menor é colocado no input",
              "fullTitle": "11 - Limite o tamanho mínimo e máximo do board. Verifica se a altura do board é 5 quando um valor menor é colocado no input",
              "timedOut": null,
              "duration": 384,
              "state": "passed",
              "speed": "slow",
              "pass": true,
              "fail": false,
              "pending": false,
              "context": null,
              "code": "cy.get('#board-size').clear().type(4);\ncy.get('#generate-board').click();\ncy.get('.pixel').should('have.length', 25);",
              "err": {},
              "uuid": "9afa757b-ac28-4180-ac9d-8b422dd63834",
              "parentUUID": "c33bad2e-c91c-49c6-a543-8fe984bdd96d",
              "isHook": false,
              "skipped": false
            },
            {
              "title": "Verifica se a altura do board é 50 quando um valor maior é colocado no input",
              "fullTitle": "11 - Limite o tamanho mínimo e máximo do board. Verifica se a altura do board é 50 quando um valor maior é colocado no input",
              "timedOut": null,
              "duration": 1356,
              "state": "passed",
              "speed": "slow",
              "pass": true,
              "fail": false,
              "pending": false,
              "context": null,
              "code": "cy.get('#board-size').clear().type(51);\ncy.get('#generate-board').click();\ncy.get('.pixel').should('have.length', 2500);",
              "err": {},
              "uuid": "c25ad876-c861-4f09-aa97-0f30e8d9b75f",
              "parentUUID": "c33bad2e-c91c-49c6-a543-8fe984bdd96d",
              "isHook": false,
              "skipped": false
            }
          ],
          "suites": [],
          "passes": [
            "d5bb6d89-deb6-418f-95f4-b67a94ba1722",
            "9afa757b-ac28-4180-ac9d-8b422dd63834",
            "c25ad876-c861-4f09-aa97-0f30e8d9b75f"
          ],
          "failures": [],
          "pending": [],
          "skipped": [],
          "duration": 3158,
          "root": false,
          "rootEmpty": false,
          "_timeout": 2000
        },
        {
          "uuid": "ab121a7a-fcbe-471e-afbd-41b6447bd3d1",
          "title": "12 - Faça com que as cores da paleta sejam geradas aleatoriamente ao carregar a página.",
          "fullFile": "",
          "file": "",
          "beforeHooks": [],
          "afterHooks": [],
          "tests": [
            {
              "title": "Verifica se as cores geradas na paleta são diferentes a cada carregamento da página",
              "fullTitle": "12 - Faça com que as cores da paleta sejam geradas aleatoriamente ao carregar a página. Verifica se as cores geradas na paleta são diferentes a cada carregamento da página",
              "timedOut": null,
              "duration": 390,
              "state": "passed",
              "speed": "slow",
              "pass": true,
              "fail": false,
              "pending": false,
              "context": null,
              "code": "cy.get('.color').then(function (colors) {\n  var currentColors;\n  var previousColors;\n  previousColors = Array.from(colors).map(function (color) {\n    return Cypress.$(color).css('background-color');\n  });\n  for (var i = 0; i < 5; i += 1) {\n    cy.reload();\n    cy.get('.color').then(function (colors) {\n      currentColors = Array.from(colors).map(function (color) {\n        return Cypress.$(color).css('background-color');\n      });\n      expect(currentColors).not.to.deep.equal(previousColors);\n      previousColors = currentColors;\n    });\n  }\n});",
              "err": {},
              "uuid": "70433e45-c4d5-4328-8817-ab659e09542f",
              "parentUUID": "ab121a7a-fcbe-471e-afbd-41b6447bd3d1",
              "isHook": false,
              "skipped": false
            },
            {
              "title": "Verifica se a cor preta ainda está presente e é a primeira na sua paleta de cores",
              "fullTitle": "12 - Faça com que as cores da paleta sejam geradas aleatoriamente ao carregar a página. Verifica se a cor preta ainda está presente e é a primeira na sua paleta de cores",
              "timedOut": null,
              "duration": 369,
              "state": "passed",
              "speed": "slow",
              "pass": true,
              "fail": false,
              "pending": false,
              "context": null,
              "code": "cy.get('.color').then(function (colors) {\n  var currentColors;\n  var previousColors;\n  previousColors = Array.from(colors).map(function (color) {\n    return Cypress.$(color).css('background-color');\n  });\n  expect(previousColors[0]).to.eq(BLACK);\n  for (var i = 0; i < 5; i += 1) {\n    cy.reload();\n    cy.get('.color').then(function (colors) {\n      currentColors = Array.from(colors).map(function (color) {\n        return Cypress.$(color).css('background-color');\n      });\n      expect(currentColors[0]).to.eq(BLACK);\n      expect(currentColors).not.to.deep.equal(previousColors);\n      previousColors = currentColors;\n    });\n  }\n});",
              "err": {},
              "uuid": "d7119f7e-af16-4616-bfa3-b15c29e3350e",
              "parentUUID": "ab121a7a-fcbe-471e-afbd-41b6447bd3d1",
              "isHook": false,
              "skipped": false
            }
          ],
          "suites": [],
          "passes": [
            "70433e45-c4d5-4328-8817-ab659e09542f",
            "d7119f7e-af16-4616-bfa3-b15c29e3350e"
          ],
          "failures": [],
          "pending": [],
          "skipped": [],
          "duration": 759,
          "root": false,
          "rootEmpty": false,
          "_timeout": 2000
        }
      ],
      "passes": [],
      "failures": [],
      "pending": [],
      "skipped": [],
      "duration": 0,
      "root": true,
      "rootEmpty": true,
      "_timeout": 2000
    }
  ],
  "meta": {
    "mocha": {
      "version": "7.0.1"
    },
    "mochawesome": {
      "options": {
        "quiet": false,
        "reportFilename": "mochawesome",
        "saveHtml": false,
        "saveJson": true,
        "consoleReporter": "spec",
        "useInlineDiffs": false
      },
      "version": "4.1.0"
    },
    "marge": {
      "options": {
        "id": "default",
        "reportDir": "cypress/reports",
        "overwrite": true,
        "html": false,
        "json": true
      },
      "version": "4.1.0"
    }
  }
}